# JRE version: OpenJDK Runtime Environment (8.0_152-b06) (build 1.8.0_152-release-1136-b06)
# Java VM: OpenJDK 64-Bit Server VM (25.152-b06 mixed mode windows-amd64 compressed oops)
Heap:
 PSYoungGen      total 422400K, used 272363K [0x00000000e0000000, 0x00000000fbe00000, 0x0000000100000000)
  eden space 388608K, 65% used [0x00000000e0000000,0x00000000ef7cf560,0x00000000f7b80000)
  from space 33792K, 56% used [0x00000000f9c80000,0x00000000faf1dc78,0x00000000fbd80000)
  to   space 33792K, 0% used [0x00000000f7b80000,0x00000000f7b80000,0x00000000f9c80000)
 ParOldGen       total 130560K, used 61338K [0x00000000a0000000, 0x00000000a7f80000, 0x00000000e0000000)
  object space 130560K, 46% used [0x00000000a0000000,0x00000000a3be6a88,0x00000000a7f80000)
 Metaspace       used 92875K, capacity 96412K, committed 97240K, reserved 1134592K
  class space    used 11536K, capacity 12358K, committed 12544K, reserved 1048576K
GC Heap History (10 events):
Event: 1345.354 GC heap before
{Heap before GC invocations=18 (full 3):
 PSYoungGen      total 233472K, used 233121K [0x00000000e0000000, 0x00000000eff00000, 0x0000000100000000)
  eden space 217088K, 100% used [0x00000000e0000000,0x00000000ed400000,0x00000000ed400000)
  from space 16384K, 97% used [0x00000000eef00000,0x00000000efea8410,0x00000000eff00000)
  to   space 22016K, 0% used [0x00000000ed400000,0x00000000ed400000,0x00000000ee980000)
 ParOldGen       total 84480K, used 30692K [0x00000000a0000000, 0x00000000a5280000, 0x00000000e0000000)
  object space 84480K, 36% used [0x00000000a0000000,0x00000000a1df9100,0x00000000a5280000)
 Metaspace       used 67870K, capacity 70350K, committed 70488K, reserved 1110016K
  class space    used 8902K, capacity 9529K, committed 9600K, reserved 1048576K
Event: 1345.494 GC heap after
Heap after GC invocations=18 (full 3):
 PSYoungGen      total 239104K, used 12069K [0x00000000e0000000, 0x00000000f6000000, 0x0000000100000000)
  eden space 217088K, 0% used [0x00000000e0000000,0x00000000e0000000,0x00000000ed400000)
  from space 22016K, 54% used [0x00000000ed400000,0x00000000edfc9448,0x00000000ee980000)
  to   space 22016K, 0% used [0x00000000f4a80000,0x00000000f4a80000,0x00000000f6000000)
 ParOldGen       total 84480K, used 45548K [0x00000000a0000000, 0x00000000a5280000, 0x00000000e0000000)
  object space 84480K, 53% used [0x00000000a0000000,0x00000000a2c7b1e0,0x00000000a5280000)
 Metaspace       used 67870K, capacity 70350K, committed 70488K, reserved 1110016K
  class space    used 8902K, capacity 9529K, committed 9600K, reserved 1048576K
}
Event: 1548.025 GC heap before
{Heap before GC invocations=19 (full 3):
 PSYoungGen      total 239104K, used 229157K [0x00000000e0000000, 0x00000000f6000000, 0x0000000100000000)
  eden space 217088K, 100% used [0x00000000e0000000,0x00000000ed400000,0x00000000ed400000)
  from space 22016K, 54% used [0x00000000ed400000,0x00000000edfc9448,0x00000000ee980000)
  to   space 22016K, 0% used [0x00000000f4a80000,0x00000000f4a80000,0x00000000f6000000)
 ParOldGen       total 84480K, used 45548K [0x00000000a0000000, 0x00000000a5280000, 0x00000000e0000000)
  object space 84480K, 53% used [0x00000000a0000000,0x00000000a2c7b1e0,0x00000000a5280000)
 Metaspace       used 72944K, capacity 75900K, committed 75992K, reserved 1116160K
  class space    used 9470K, capacity 10228K, committed 10240K, reserved 1048576K
Event: 1548.138 GC heap after
Heap after GC invocations=19 (full 3):
 PSYoungGen      total 327168K, used 16088K [0x00000000e0000000, 0x00000000f5c00000, 0x0000000100000000)
  eden space 309248K, 0% used [0x00000000e0000000,0x00000000e0000000,0x00000000f2e00000)
  from space 17920K, 89% used [0x00000000f4a80000,0x00000000f5a360c8,0x00000000f5c00000)
  to   space 23552K, 0% used [0x00000000f2e00000,0x00000000f2e00000,0x00000000f4500000)
 ParOldGen       total 84480K, used 51657K [0x00000000a0000000, 0x00000000a5280000, 0x00000000e0000000)
  object space 84480K, 61% used [0x00000000a0000000,0x00000000a32724a8,0x00000000a5280000)
 Metaspace       used 72944K, capacity 75900K, committed 75992K, reserved 1116160K
  class space    used 9470K, capacity 10228K, committed 10240K, reserved 1048576K
}
Event: 3192.417 GC heap before
{Heap before GC invocations=20 (full 3):
 PSYoungGen      total 327168K, used 325336K [0x00000000e0000000, 0x00000000f5c00000, 0x0000000100000000)
  eden space 309248K, 100% used [0x00000000e0000000,0x00000000f2e00000,0x00000000f2e00000)
  from space 17920K, 89% used [0x00000000f4a80000,0x00000000f5a360c8,0x00000000f5c00000)
  to   space 23552K, 0% used [0x00000000f2e00000,0x00000000f2e00000,0x00000000f4500000)
 ParOldGen       total 84480K, used 51657K [0x00000000a0000000, 0x00000000a5280000, 0x00000000e0000000)
  object space 84480K, 61% used [0x00000000a0000000,0x00000000a32724a8,0x00000000a5280000)
 Metaspace       used 81206K, capacity 84680K, committed 84952K, reserved 1122304K
  class space    used 10367K, capacity 11240K, committed 11264K, reserved 1048576K
Event: 3192.741 GC heap after
Heap after GC invocations=20 (full 3):
 PSYoungGen      total 332800K, used 23522K [0x00000000e0000000, 0x00000000fbd80000, 0x0000000100000000)
  eden space 309248K, 0% used [0x00000000e0000000,0x00000000e0000000,0x00000000f2e00000)
  from space 23552K, 99% used [0x00000000f2e00000,0x00000000f44f8bf8,0x00000000f4500000)
  to   space 33792K, 0% used [0x00000000f9c80000,0x00000000f9c80000,0x00000000fbd80000)
 ParOldGen       total 84480K, used 69533K [0x00000000a0000000, 0x00000000a5280000, 0x00000000e0000000)
  object space 84480K, 82% used [0x00000000a0000000,0x00000000a43e7498,0x00000000a5280000)
 Metaspace       used 81206K, capacity 84680K, committed 84952K, reserved 1122304K
  class space    used 10367K, capacity 11240K, committed 11264K, reserved 1048576K
}
Event: 3192.772 GC heap before
{Heap before GC invocations=21 (full 4):
 PSYoungGen      total 332800K, used 23522K [0x00000000e0000000, 0x00000000fbd80000, 0x0000000100000000)
  eden space 309248K, 0% used [0x00000000e0000000,0x00000000e0000000,0x00000000f2e00000)
  from space 23552K, 99% used [0x00000000f2e00000,0x00000000f44f8bf8,0x00000000f4500000)
  to   space 33792K, 0% used [0x00000000f9c80000,0x00000000f9c80000,0x00000000fbd80000)
 ParOldGen       total 84480K, used 69533K [0x00000000a0000000, 0x00000000a5280000, 0x00000000e0000000)
  object space 84480K, 82% used [0x00000000a0000000,0x00000000a43e7498,0x00000000a5280000)
 Metaspace       used 81206K, capacity 84680K, committed 84952K, reserved 1122304K
  class space    used 10367K, capacity 11240K, committed 11264K, reserved 1048576K
Event: 3194.278 GC heap after
Heap after GC invocations=21 (full 4):
 PSYoungGen      total 332800K, used 0K [0x00000000e0000000, 0x00000000fbd80000, 0x0000000100000000)
  eden space 309248K, 0% used [0x00000000e0000000,0x00000000e0000000,0x00000000f2e00000)
  from space 23552K, 0% used [0x00000000f2e00000,0x00000000f2e00000,0x00000000f4500000)
  to   space 33792K, 0% used [0x00000000f9c80000,0x00000000f9c80000,0x00000000fbd80000)
 ParOldGen       total 130560K, used 61330K [0x00000000a0000000, 0x00000000a7f80000, 0x00000000e0000000)
  object space 130560K, 46% used [0x00000000a0000000,0x00000000a3be4a88,0x00000000a7f80000)
 Metaspace       used 78918K, capacity 81260K, committed 84952K, reserved 1122304K
  class space    used 9912K, capacity 10538K, committed 11264K, reserved 1048576K
}
Event: 3250.192 GC heap before
{Heap before GC invocations=22 (full 4):
 PSYoungGen      total 332800K, used 309248K [0x00000000e0000000, 0x00000000fbd80000, 0x0000000100000000)
  eden space 309248K, 100% used [0x00000000e0000000,0x00000000f2e00000,0x00000000f2e00000)
  from space 23552K, 0% used [0x00000000f2e00000,0x00000000f2e00000,0x00000000f4500000)
  to   space 33792K, 0% used [0x00000000f9c80000,0x00000000f9c80000,0x00000000fbd80000)
 ParOldGen       total 130560K, used 61330K [0x00000000a0000000, 0x00000000a7f80000, 0x00000000e0000000)
  object space 130560K, 46% used [0x00000000a0000000,0x00000000a3be4a88,0x00000000a7f80000)
 Metaspace       used 91836K, capacity 95220K, committed 96088K, reserved 1132544K
  class space    used 11441K, capacity 12232K, committed 12416K, reserved 1048576K
Event: 3250.277 GC heap after
Heap after GC invocations=22 (full 4):
 PSYoungGen      total 422400K, used 19063K [0x00000000e0000000, 0x00000000fbe00000, 0x0000000100000000)
  eden space 388608K, 0% used [0x00000000e0000000,0x00000000e0000000,0x00000000f7b80000)
  from space 33792K, 56% used [0x00000000f9c80000,0x00000000faf1dc78,0x00000000fbd80000)
  to   space 33792K, 0% used [0x00000000f7b80000,0x00000000f7b80000,0x00000000f9c80000)
 ParOldGen       total 130560K, used 61338K [0x00000000a0000000, 0x00000000a7f80000, 0x00000000e0000000)
  object space 130560K, 46% used [0x00000000a0000000,0x00000000a3be6a88,0x00000000a7f80000)
 Metaspace       used 91836K, capacity 95220K, committed 96088K, reserved 1132544K
  class space    used 11441K, capacity 12232K, committed 12416K, reserved 1048576K
}

